TypeError: a bytes-like object is required, not 'str'
TypeError:需要一个类似字节码的对象，而不是“str”
二进制的问价无法通过直接输入打开

TypeError: a bytes-like object is required, not 'str'
类型错误: 'str'对象的描述符'encode'需要一个参数

IndexError: list index out of range
索引错误：列表索引超出范围

TypeError: 'int' object is not iterable
 类型错误: 'int'对象不可迭代

TypeError: not all arguments converted during string formatting
类型错误: 并非所有参数都在字符串格式化期间转换

IndexError: list index out of range
索引错误：列表索引超出范围

TypeError: append() takes exactly one argument (2 given)
类型错误:append()只接受一个参数(给定2)

UnboundLocalError: local variable 'sum' referenced before assignment
局部变量错误：赋值前引用的局部变量“sum”


ypeError: 'module' object is not callable


selenium.common.exceptions.NoSuchElementException: Message: no such element: Unable to locate element: {"method":"link text","selector":"账户"}
  (Session info: chrome=76.0.3809.100)

ModuleNotFoundError: No module named '1'


selenium.common.exceptions.NoSuchElementException: Message: no such element: Unable to locate element: {"method":"css selector","selector":"[id="J_search_key"]"}

TypeError:get_attribute() missing 1 required positional argument:name
缺少1个必需的位置参数:name

TypeError:len() takes exactly one argument(0 given)
类型错误:len()只接受一个参数(0 给定)


NoSuchElementException: Message: no such element: Unable to locate element: {"method":"link text","selector":"登陆"}




注册百度帐号

//*[@id="TANGRAM__PSP_4__userName"]
//*[@id="TANGRAM__PSP_4__phone"]
//*[@id="TANGRAM__PSP_4__password"]
//*[@id="TANGRAM__PSP_4__verifyCode"]





















